LINK : warning LNK4098: la biblioteca predeterminada'MSVCRT' entra en conflicto con otras bibliotecas; use la biblioteca /NODEFAULTLIB:biblioteca
MyApp.obj : error LNK2019: símbolo externo "struct ImGuiIO & __cdecl ImGui::GetIO(void)" (?GetIO@ImGui@@YAAEAUImGuiIO@@XZ) sin resolver al que se hace referencia en la función "public: virtual void __cdecl MyApp::Update(void)" (?Update@MyApp@@UEAAXXZ)
App.obj : error LNK2001: símbolo externo "struct ImGuiIO & __cdecl ImGui::GetIO(void)" (?GetIO@ImGui@@YAAEAUImGuiIO@@XZ) sin resolver
MyApp.obj : error LNK2019: símbolo externo "void __cdecl ImGui::ShowDemoWindow(bool *)" (?ShowDemoWindow@ImGui@@YAXPEA_N@Z) sin resolver al que se hace referencia en la función "public: virtual void __cdecl MyApp::Update(void)" (?Update@MyApp@@UEAAXXZ)
MyApp.obj : error LNK2019: símbolo externo "bool __cdecl ImGui::Begin(char const *,bool *,int)" (?Begin@ImGui@@YA_NPEBDPEA_NH@Z) sin resolver al que se hace referencia en la función "public: virtual void __cdecl MyApp::Update(void)" (?Update@MyApp@@UEAAXXZ)
MyApp.obj : error LNK2019: símbolo externo "void __cdecl ImGui::End(void)" (?End@ImGui@@YAXXZ) sin resolver al que se hace referencia en la función "public: virtual void __cdecl MyApp::Update(void)" (?Update@MyApp@@UEAAXXZ)
MyApp.obj : error LNK2019: símbolo externo "void __cdecl ImGui::SameLine(float,float)" (?SameLine@ImGui@@YAXMM@Z) sin resolver al que se hace referencia en la función "public: virtual void __cdecl MyApp::Update(void)" (?Update@MyApp@@UEAAXXZ)
MyApp.obj : error LNK2019: símbolo externo "void __cdecl ImGui::Text(char const *,...)" (?Text@ImGui@@YAXPEBDZZ) sin resolver al que se hace referencia en la función "public: virtual void __cdecl MyApp::Update(void)" (?Update@MyApp@@UEAAXXZ)
MyApp.obj : error LNK2019: símbolo externo "bool __cdecl ImGui::Button(char const *,struct ImVec2 const &)" (?Button@ImGui@@YA_NPEBDAEBUImVec2@@@Z) sin resolver al que se hace referencia en la función "public: virtual void __cdecl MyApp::Update(void)" (?Update@MyApp@@UEAAXXZ)
MyApp.obj : error LNK2019: símbolo externo "bool __cdecl ImGui::Checkbox(char const *,bool *)" (?Checkbox@ImGui@@YA_NPEBDPEA_N@Z) sin resolver al que se hace referencia en la función "public: virtual void __cdecl MyApp::Update(void)" (?Update@MyApp@@UEAAXXZ)
MyApp.obj : error LNK2019: símbolo externo "bool __cdecl ImGui::SliderFloat(char const *,float *,float,float,char const *,int)" (?SliderFloat@ImGui@@YA_NPEBDPEAMMM0H@Z) sin resolver al que se hace referencia en la función "public: virtual void __cdecl MyApp::Update(void)" (?Update@MyApp@@UEAAXXZ)
MyApp.obj : error LNK2019: símbolo externo "bool __cdecl ImGui::ColorEdit3(char const *,float * const,int)" (?ColorEdit3@ImGui@@YA_NPEBDQEAMH@Z) sin resolver al que se hace referencia en la función "public: virtual void __cdecl MyApp::Update(void)" (?Update@MyApp@@UEAAXXZ)
App.obj : error LNK2019: símbolo externo __imp_glClear sin resolver al que se hace referencia en la función "public: void __cdecl App::Run(void)" (?Run@App@@QEAAXXZ)
App.obj : error LNK2019: símbolo externo __imp_glClearColor sin resolver al que se hace referencia en la función "public: void __cdecl App::Run(void)" (?Run@App@@QEAAXXZ)
App.obj : error LNK2019: símbolo externo __imp_glViewport sin resolver al que se hace referencia en la función "public: void __cdecl App::Run(void)" (?Run@App@@QEAAXXZ)
App.obj : error LNK2019: símbolo externo "struct ImGuiContext * __cdecl ImGui::CreateContext(struct ImFontAtlas *)" (?CreateContext@ImGui@@YAPEAUImGuiContext@@PEAUImFontAtlas@@@Z) sin resolver al que se hace referencia en la función "public: __cdecl App::App(void)" (??0App@@QEAA@XZ)
App.obj : error LNK2019: símbolo externo "void __cdecl ImGui::DestroyContext(struct ImGuiContext *)" (?DestroyContext@ImGui@@YAXPEAUImGuiContext@@@Z) sin resolver al que se hace referencia en la función "public: virtual __cdecl App::~App(void)" (??1App@@UEAA@XZ)
App.obj : error LNK2019: símbolo externo "struct ImGuiStyle & __cdecl ImGui::GetStyle(void)" (?GetStyle@ImGui@@YAAEAUImGuiStyle@@XZ) sin resolver al que se hace referencia en la función "public: __cdecl App::App(void)" (??0App@@QEAA@XZ)
App.obj : error LNK2019: símbolo externo "void __cdecl ImGui::NewFrame(void)" (?NewFrame@ImGui@@YAXXZ) sin resolver al que se hace referencia en la función "public: void __cdecl App::Run(void)" (?Run@App@@QEAAXXZ)
App.obj : error LNK2019: símbolo externo "void __cdecl ImGui::Render(void)" (?Render@ImGui@@YAXXZ) sin resolver al que se hace referencia en la función "public: void __cdecl App::Run(void)" (?Run@App@@QEAAXXZ)
App.obj : error LNK2019: símbolo externo "struct ImDrawData * __cdecl ImGui::GetDrawData(void)" (?GetDrawData@ImGui@@YAPEAUImDrawData@@XZ) sin resolver al que se hace referencia en la función "public: void __cdecl App::Run(void)" (?Run@App@@QEAAXXZ)
App.obj : error LNK2019: símbolo externo "void __cdecl ImGui::StyleColorsDark(struct ImGuiStyle *)" (?StyleColorsDark@ImGui@@YAXPEAUImGuiStyle@@@Z) sin resolver al que se hace referencia en la función "public: __cdecl App::App(void)" (??0App@@QEAA@XZ)
App.obj : error LNK2019: símbolo externo "bool __cdecl ImGui::DebugCheckVersionAndDataLayout(char const *,unsigned __int64,unsigned __int64,unsigned __int64,unsigned __int64,unsigned __int64,unsigned __int64)" (?DebugCheckVersionAndDataLayout@ImGui@@YA_NPEBD_K11111@Z) sin resolver al que se hace referencia en la función "public: __cdecl App::App(void)" (??0App@@QEAA@XZ)
App.obj : error LNK2019: símbolo externo "bool __cdecl ImGui_ImplGlfw_InitForOpenGL(struct GLFWwindow *,bool)" (?ImGui_ImplGlfw_InitForOpenGL@@YA_NPEAUGLFWwindow@@_N@Z) sin resolver al que se hace referencia en la función "public: __cdecl App::App(void)" (??0App@@QEAA@XZ)
App.obj : error LNK2019: símbolo externo "void __cdecl ImGui_ImplGlfw_Shutdown(void)" (?ImGui_ImplGlfw_Shutdown@@YAXXZ) sin resolver al que se hace referencia en la función "public: virtual __cdecl App::~App(void)" (??1App@@UEAA@XZ)
App.obj : error LNK2019: símbolo externo "void __cdecl ImGui_ImplGlfw_NewFrame(void)" (?ImGui_ImplGlfw_NewFrame@@YAXXZ) sin resolver al que se hace referencia en la función "public: void __cdecl App::Run(void)" (?Run@App@@QEAAXXZ)
App.obj : error LNK2019: símbolo externo "bool __cdecl ImGui_ImplOpenGL3_Init(char const *)" (?ImGui_ImplOpenGL3_Init@@YA_NPEBD@Z) sin resolver al que se hace referencia en la función "public: __cdecl App::App(void)" (??0App@@QEAA@XZ)
App.obj : error LNK2019: símbolo externo "void __cdecl ImGui_ImplOpenGL3_Shutdown(void)" (?ImGui_ImplOpenGL3_Shutdown@@YAXXZ) sin resolver al que se hace referencia en la función "public: virtual __cdecl App::~App(void)" (??1App@@UEAA@XZ)
App.obj : error LNK2019: símbolo externo "void __cdecl ImGui_ImplOpenGL3_NewFrame(void)" (?ImGui_ImplOpenGL3_NewFrame@@YAXXZ) sin resolver al que se hace referencia en la función "public: void __cdecl App::Run(void)" (?Run@App@@QEAAXXZ)
App.obj : error LNK2019: símbolo externo "void __cdecl ImGui_ImplOpenGL3_RenderDrawData(struct ImDrawData *)" (?ImGui_ImplOpenGL3_RenderDrawData@@YAXPEAUImDrawData@@@Z) sin resolver al que se hace referencia en la función "public: void __cdecl App::Run(void)" (?Run@App@@QEAAXXZ)
C:\Users\ben96\source\repos\ImGuiApp\TrackingHoursWorked\bin\Debug\TrackingHoursWorked.exe : fatal error LNK1120: 28 externos sin resolver
